#! /opt/homebrew/Cellar/icarus-verilog/12.0/bin/vvp
:ivl_version "12.0 (stable)";
:ivl_delay_selection "TYPICAL";
:vpi_time_precision - 11;
:vpi_module "/opt/homebrew/Cellar/icarus-verilog/12.0/lib/ivl/system.vpi";
:vpi_module "/opt/homebrew/Cellar/icarus-verilog/12.0/lib/ivl/vhdl_sys.vpi";
:vpi_module "/opt/homebrew/Cellar/icarus-verilog/12.0/lib/ivl/vhdl_textio.vpi";
:vpi_module "/opt/homebrew/Cellar/icarus-verilog/12.0/lib/ivl/v2005_math.vpi";
:vpi_module "/opt/homebrew/Cellar/icarus-verilog/12.0/lib/ivl/va_math.vpi";
S_0x13a749c00 .scope module, "alu_tb" "alu_tb" 2 3;
 .timescale -9 -11;
v0x13a771b00_0 .var "error", 0 0;
v0x13a771b90_0 .var "error_R", 0 0;
v0x13a771c20_0 .var "error_c", 0 0;
v0x13a771cb0_0 .var "error_s", 0 0;
v0x13a771d40_0 .var "error_z", 0 0;
v0x13a771dd0_0 .var/i "errores", 31 0;
v0x13a771e70_0 .var "t_A", 3 0;
v0x13a771f90_0 .var "t_B", 3 0;
v0x13a772020_0 .var "t_Op", 2 0;
v0x13a772130_0 .net "t_R", 3 0, L_0x13a779390;  1 drivers
v0x13a772200_0 .net "t_c", 0 0, L_0x13a776da0;  1 drivers
v0x13a772290_0 .var "t_cin", 0 0;
v0x13a772320_0 .net "t_s", 0 0, L_0x13a779930;  1 drivers
v0x13a7723b0_0 .net "t_z", 0 0, L_0x13a7797e0;  1 drivers
S_0x13a75a180 .scope task, "check" "check" 2 54, 2 54 0, S_0x13a749c00;
 .timescale -9 -11;
v0x13a7206f0_0 .var "expected_R", 4 0;
v0x13a764680_0 .var "expected_c", 0 0;
v0x13a764720_0 .var "expected_s", 0 0;
v0x13a7647b0_0 .var "expected_z", 0 0;
TD_alu_tb.check ;
    %vpi_call 2 59 "$write", "tiempo=%0d A=%b B=%b c_in=%b OP=%b R=%b, Z=%b, C=%b, S=%b.", $time, v0x13a771e70_0, v0x13a771f90_0, v0x13a772290_0, v0x13a772020_0, v0x13a772130_0, v0x13a7723b0_0, v0x13a772200_0, v0x13a772320_0 {0 0 0};
    %load/vec4 v0x13a772020_0;
    %dup/vec4;
    %pushi/vec4 0, 0, 3;
    %cmp/u;
    %jmp/1 T_0.0, 6;
    %dup/vec4;
    %pushi/vec4 1, 0, 3;
    %cmp/u;
    %jmp/1 T_0.1, 6;
    %dup/vec4;
    %pushi/vec4 2, 0, 3;
    %cmp/u;
    %jmp/1 T_0.2, 6;
    %dup/vec4;
    %pushi/vec4 3, 0, 3;
    %cmp/u;
    %jmp/1 T_0.3, 6;
    %dup/vec4;
    %pushi/vec4 4, 0, 3;
    %cmp/u;
    %jmp/1 T_0.4, 6;
    %dup/vec4;
    %pushi/vec4 5, 0, 3;
    %cmp/u;
    %jmp/1 T_0.5, 6;
    %dup/vec4;
    %pushi/vec4 6, 0, 3;
    %cmp/u;
    %jmp/1 T_0.6, 6;
    %dup/vec4;
    %pushi/vec4 7, 0, 3;
    %cmp/u;
    %jmp/1 T_0.7, 6;
    %vpi_call 2 69 "$display", "ERROR. Valor no esperado para t_Op: %b", v0x13a772020_0 {0 0 0};
    %jmp T_0.9;
T_0.0 ;
    %load/vec4 v0x13a771e70_0;
    %pad/u 5;
    %load/vec4 v0x13a772290_0;
    %pad/u 5;
    %add;
    %store/vec4 v0x13a7206f0_0, 0, 5;
    %jmp T_0.9;
T_0.1 ;
    %load/vec4 v0x13a771e70_0;
    %pad/u 5;
    %pushi/vec4 15, 0, 5;
    %xor;
    %addi 1, 0, 5;
    %load/vec4 v0x13a772290_0;
    %pad/u 5;
    %add;
    %store/vec4 v0x13a7206f0_0, 0, 5;
    %jmp T_0.9;
T_0.2 ;
    %load/vec4 v0x13a771e70_0;
    %pad/u 5;
    %load/vec4 v0x13a771f90_0;
    %pad/u 5;
    %add;
    %load/vec4 v0x13a772290_0;
    %pad/u 5;
    %add;
    %store/vec4 v0x13a7206f0_0, 0, 5;
    %jmp T_0.9;
T_0.3 ;
    %load/vec4 v0x13a771e70_0;
    %pad/u 5;
    %addi 1, 0, 5;
    %load/vec4 v0x13a772290_0;
    %pad/u 5;
    %add;
    %store/vec4 v0x13a7206f0_0, 0, 5;
    %jmp T_0.9;
T_0.4 ;
    %load/vec4 v0x13a771e70_0;
    %pad/u 5;
    %load/vec4 v0x13a771f90_0;
    %pad/u 5;
    %and;
    %store/vec4 v0x13a7206f0_0, 0, 5;
    %jmp T_0.9;
T_0.5 ;
    %load/vec4 v0x13a771e70_0;
    %pad/u 5;
    %load/vec4 v0x13a771f90_0;
    %pad/u 5;
    %or;
    %store/vec4 v0x13a7206f0_0, 0, 5;
    %jmp T_0.9;
T_0.6 ;
    %load/vec4 v0x13a771e70_0;
    %pad/u 5;
    %load/vec4 v0x13a771f90_0;
    %pad/u 5;
    %xor;
    %store/vec4 v0x13a7206f0_0, 0, 5;
    %jmp T_0.9;
T_0.7 ;
    %load/vec4 v0x13a771e70_0;
    %inv;
    %ix/load 4, 0, 0;
    %flag_set/imm 4, 0;
    %store/vec4 v0x13a7206f0_0, 4, 4;
    %jmp T_0.9;
T_0.9 ;
    %pop/vec4 1;
    %load/vec4 v0x13a772020_0;
    %parti/s 1, 2, 3;
    %flag_set/vec4 8;
    %jmp/0xz  T_0.10, 8;
    %pushi/vec4 0, 0, 1;
    %store/vec4 v0x13a764680_0, 0, 1;
    %load/vec4 v0x13a7206f0_0;
    %parti/s 1, 3, 3;
    %store/vec4 v0x13a764720_0, 0, 1;
    %pushi/vec4 0, 0, 1;
    %store/vec4 v0x13a771cb0_0, 0, 1;
    %pushi/vec4 0, 0, 1;
    %store/vec4 v0x13a771c20_0, 0, 1;
    %jmp T_0.11;
T_0.10 ;
    %load/vec4 v0x13a7206f0_0;
    %parti/s 1, 4, 4;
    %store/vec4 v0x13a764680_0, 0, 1;
    %load/vec4 v0x13a7206f0_0;
    %parti/s 1, 3, 3;
    %store/vec4 v0x13a764720_0, 0, 1;
    %load/vec4 v0x13a764720_0;
    %load/vec4 v0x13a772320_0;
    %cmp/ne;
    %flag_get/vec4 6;
    %store/vec4 v0x13a771cb0_0, 0, 1;
    %load/vec4 v0x13a764680_0;
    %load/vec4 v0x13a772200_0;
    %cmp/ne;
    %flag_get/vec4 6;
    %store/vec4 v0x13a771c20_0, 0, 1;
T_0.11 ;
    %load/vec4 v0x13a7206f0_0;
    %parti/s 4, 0, 2;
    %nor/r;
    %store/vec4 v0x13a7647b0_0, 0, 1;
    %load/vec4 v0x13a7206f0_0;
    %parti/s 4, 0, 2;
    %load/vec4 v0x13a772130_0;
    %cmp/ne;
    %flag_get/vec4 6;
    %store/vec4 v0x13a771b90_0, 0, 1;
    %load/vec4 v0x13a7647b0_0;
    %load/vec4 v0x13a7723b0_0;
    %cmp/ne;
    %flag_get/vec4 6;
    %store/vec4 v0x13a771d40_0, 0, 1;
    %load/vec4 v0x13a771b90_0;
    %load/vec4 v0x13a771d40_0;
    %or;
    %load/vec4 v0x13a771cb0_0;
    %or;
    %load/vec4 v0x13a771c20_0;
    %or;
    %store/vec4 v0x13a771b00_0, 0, 1;
    %load/vec4 v0x13a771b00_0;
    %flag_set/vec4 8;
    %jmp/0xz  T_0.12, 8;
    %load/vec4 v0x13a771dd0_0;
    %addi 1, 0, 32;
    %store/vec4 v0x13a771dd0_0, 0, 32;
    %vpi_call 2 94 "$display", " ---- ERROR" {0 0 0};
    %load/vec4 v0x13a771b90_0;
    %flag_set/vec4 8;
    %jmp/0xz  T_0.14, 8;
    %vpi_call 2 96 "$display", "\011Resultado esperado %b, obtenido %b", &PV<v0x13a7206f0_0, 0, 4>, v0x13a772130_0 {0 0 0};
T_0.14 ;
    %load/vec4 v0x13a771d40_0;
    %flag_set/vec4 8;
    %jmp/0xz  T_0.16, 8;
    %vpi_call 2 98 "$display", "\011Flag de cero esperado %b, obtenido %b", v0x13a7647b0_0, v0x13a7723b0_0 {0 0 0};
T_0.16 ;
    %load/vec4 v0x13a771cb0_0;
    %flag_set/vec4 8;
    %jmp/0xz  T_0.18, 8;
    %vpi_call 2 100 "$display", "\011Flag de signo esperado %b, obtenido %b", v0x13a764720_0, v0x13a772320_0 {0 0 0};
T_0.18 ;
    %load/vec4 v0x13a771c20_0;
    %flag_set/vec4 8;
    %jmp/0xz  T_0.20, 8;
    %vpi_call 2 102 "$display", "\011Flag de acarreo esperado %b, obtenido %b", v0x13a764680_0, v0x13a772200_0 {0 0 0};
T_0.20 ;
    %jmp T_0.13;
T_0.12 ;
    %vpi_call 2 105 "$display", " ---- OK" {0 0 0};
T_0.13 ;
    %end;
S_0x13a764850 .scope module, "mat" "alu" 2 16, 3 3 0, S_0x13a749c00;
 .timescale -9 -11;
    .port_info 0 /OUTPUT 4 "R";
    .port_info 1 /OUTPUT 1 "zero";
    .port_info 2 /OUTPUT 1 "carry";
    .port_info 3 /OUTPUT 1 "sign";
    .port_info 4 /INPUT 4 "A";
    .port_info 5 /INPUT 4 "B";
    .port_info 6 /INPUT 1 "c_in";
    .port_info 7 /INPUT 3 "Op";
v0x13a770d60_0 .net "A", 3 0, v0x13a771e70_0;  1 drivers
v0x13a770df0_0 .net "B", 3 0, v0x13a771f90_0;  1 drivers
v0x13a770e80_0 .net "Op", 2 0, v0x13a772020_0;  1 drivers
v0x13a770f10_0 .net "Op1", 3 0, L_0x13a7746a0;  1 drivers
v0x13a771020_0 .net "Op2", 3 0, L_0x13a774c80;  1 drivers
v0x13a771130_0 .net "R", 3 0, L_0x13a779390;  alias, 1 drivers
L_0x140078490 .functor BUFT 1, C4<00>, C4<0>, C4<0>, C4<0>;
v0x13a7711e0_0 .net/2s *"_ivl_10", 1 0, L_0x140078490;  1 drivers
v0x13a771270_0 .net *"_ivl_12", 1 0, L_0x13a779700;  1 drivers
L_0x140078400 .functor BUFT 1, C4<0000>, C4<0>, C4<0>, C4<0>;
v0x13a771300_0 .net/2u *"_ivl_4", 3 0, L_0x140078400;  1 drivers
v0x13a771410_0 .net *"_ivl_6", 0 0, L_0x13a7794e0;  1 drivers
L_0x140078448 .functor BUFT 1, C4<01>, C4<0>, C4<0>, C4<0>;
v0x13a7714b0_0 .net/2s *"_ivl_8", 1 0, L_0x140078448;  1 drivers
v0x13a771560_0 .net "c_in", 0 0, v0x13a772290_0;  1 drivers
v0x13a7715f0_0 .net "carry", 0 0, L_0x13a776da0;  alias, 1 drivers
v0x13a7716c0_0 .net "resultado_log", 3 0, L_0x13a778ab0;  1 drivers
v0x13a771790_0 .net "resultado_sum", 3 0, L_0x13a777480;  1 drivers
v0x13a771860_0 .net "sign", 0 0, L_0x13a779930;  alias, 1 drivers
v0x13a7718f0_0 .net "zero", 0 0, L_0x13a7797e0;  alias, 1 drivers
L_0x13a778e60 .part v0x13a772020_0, 0, 2;
L_0x13a779440 .part v0x13a772020_0, 2, 1;
L_0x13a7794e0 .cmp/eq 4, L_0x13a779390, L_0x140078400;
L_0x13a779700 .functor MUXZ 2, L_0x140078490, L_0x140078448, L_0x13a7794e0, C4<>;
L_0x13a7797e0 .part L_0x13a779700, 0, 1;
L_0x13a779930 .part L_0x13a779390, 3, 1;
S_0x13a764b20 .scope module, "multiplexor" "mux2_4" 3 12, 4 3 0, S_0x13a764850;
 .timescale -9 -11;
    .port_info 0 /OUTPUT 4 "Out";
    .port_info 1 /INPUT 4 "A";
    .port_info 2 /INPUT 4 "B";
    .port_info 3 /INPUT 1 "s";
L_0x13a778f00 .functor NOT 1, L_0x13a779440, C4<0>, C4<0>, C4<0>;
L_0x13a778f70 .functor AND 4, L_0x13a777480, L_0x13a779060, C4<1111>, C4<1111>;
L_0x13a779180 .functor AND 4, L_0x13a778ab0, L_0x13a779270, C4<1111>, C4<1111>;
L_0x13a779390 .functor OR 4, L_0x13a778f70, L_0x13a779180, C4<0000>, C4<0000>;
v0x13a764d60_0 .net "A", 3 0, L_0x13a777480;  alias, 1 drivers
v0x13a764e20_0 .net "B", 3 0, L_0x13a778ab0;  alias, 1 drivers
v0x13a764ed0_0 .net "Out", 3 0, L_0x13a779390;  alias, 1 drivers
v0x13a764f90_0 .net *"_ivl_0", 3 0, L_0x13a779060;  1 drivers
v0x13a765040_0 .net *"_ivl_2", 3 0, L_0x13a779270;  1 drivers
v0x13a765130_0 .net "s", 0 0, L_0x13a779440;  1 drivers
v0x13a7651d0_0 .net "sa", 3 0, L_0x13a778f70;  1 drivers
v0x13a765280_0 .net "sb", 3 0, L_0x13a779180;  1 drivers
v0x13a765330_0 .net "sn", 0 0, L_0x13a778f00;  1 drivers
L_0x13a779060 .concat [ 1 1 1 1], L_0x13a778f00, L_0x13a778f00, L_0x13a778f00, L_0x13a778f00;
L_0x13a779270 .concat [ 1 1 1 1], L_0x13a779440, L_0x13a779440, L_0x13a779440, L_0x13a779440;
S_0x13a765490 .scope module, "preprocesador" "preprocess" 3 9, 5 3 0, S_0x13a764850;
 .timescale -9 -11;
    .port_info 0 /OUTPUT 4 "AMod";
    .port_info 1 /OUTPUT 4 "BMod";
    .port_info 2 /INPUT 4 "A";
    .port_info 3 /INPUT 4 "B";
    .port_info 4 /INPUT 3 "Op";
L_0x13a772640 .functor NOT 1, L_0x13a772520, C4<0>, C4<0>, C4<0>;
L_0x13a772750 .functor AND 1, L_0x13a772640, L_0x13a7726b0, C4<1>, C4<1>;
L_0x13a772920 .functor OR 1, L_0x13a772750, L_0x13a772880, C4<0>, C4<0>;
L_0x13a772b20 .functor NOT 1, L_0x13a772a50, C4<0>, C4<0>, C4<0>;
L_0x13a772d70 .functor AND 1, L_0x13a772b20, L_0x13a772bd0, C4<1>, C4<1>;
L_0x13a772f10 .functor OR 1, L_0x13a772d70, L_0x13a772e30, C4<0>, C4<0>;
L_0x13a7730e0 .functor NOT 1, L_0x13a773040, C4<0>, C4<0>, C4<0>;
L_0x13a7732c0 .functor NOT 1, L_0x13a7731d0, C4<0>, C4<0>, C4<0>;
L_0x13a773330 .functor AND 1, L_0x13a7730e0, L_0x13a7732c0, C4<1>, C4<1>;
L_0x13a7734c0 .functor AND 1, L_0x13a773330, L_0x13a773420, C4<1>, C4<1>;
v0x13a767cb0_0 .net "A", 3 0, v0x13a771e70_0;  alias, 1 drivers
v0x13a767d80_0 .net "AMod", 3 0, L_0x13a7746a0;  alias, 1 drivers
v0x13a767e10_0 .net "B", 3 0, v0x13a771f90_0;  alias, 1 drivers
v0x13a767ec0_0 .net "BMod", 3 0, L_0x13a774c80;  alias, 1 drivers
v0x13a767f70_0 .net "Op", 2 0, v0x13a772020_0;  alias, 1 drivers
v0x13a768040_0 .net *"_ivl_11", 0 0, L_0x13a772880;  1 drivers
v0x13a7680e0_0 .net *"_ivl_15", 0 0, L_0x13a772a50;  1 drivers
v0x13a768190_0 .net *"_ivl_16", 0 0, L_0x13a772b20;  1 drivers
v0x13a768240_0 .net *"_ivl_19", 0 0, L_0x13a772bd0;  1 drivers
v0x13a768350_0 .net *"_ivl_20", 0 0, L_0x13a772d70;  1 drivers
v0x13a768400_0 .net *"_ivl_23", 0 0, L_0x13a772e30;  1 drivers
v0x13a7684b0_0 .net *"_ivl_27", 0 0, L_0x13a773040;  1 drivers
v0x13a768560_0 .net *"_ivl_28", 0 0, L_0x13a7730e0;  1 drivers
v0x13a768610_0 .net *"_ivl_3", 0 0, L_0x13a772520;  1 drivers
v0x13a7686c0_0 .net *"_ivl_31", 0 0, L_0x13a7731d0;  1 drivers
v0x13a768770_0 .net *"_ivl_32", 0 0, L_0x13a7732c0;  1 drivers
v0x13a768820_0 .net *"_ivl_34", 0 0, L_0x13a773330;  1 drivers
v0x13a7689b0_0 .net *"_ivl_37", 0 0, L_0x13a773420;  1 drivers
v0x13a768a40_0 .net *"_ivl_4", 0 0, L_0x13a772640;  1 drivers
v0x13a768af0_0 .net *"_ivl_7", 0 0, L_0x13a7726b0;  1 drivers
v0x13a768ba0_0 .net *"_ivl_8", 0 0, L_0x13a772750;  1 drivers
v0x13a768c50_0 .net "add1", 0 0, L_0x13a772440;  1 drivers
v0x13a768d00_0 .net "cpl", 0 0, L_0x13a7734c0;  1 drivers
L_0x140078010 .functor BUFT 1, C4<0000>, C4<0>, C4<0>, C4<0>;
v0x13a768d90_0 .net "n0", 3 0, L_0x140078010;  1 drivers
L_0x140078058 .functor BUFT 1, C4<0001>, C4<0>, C4<0>, C4<0>;
v0x13a768e20_0 .net "n1", 3 0, L_0x140078058;  1 drivers
v0x13a768eb0_0 .net "op1_A", 0 0, L_0x13a772920;  1 drivers
v0x13a768f40_0 .net "op2_B", 0 0, L_0x13a772f10;  1 drivers
v0x13a768ff0_0 .net "salida_mux_1", 3 0, L_0x13a773b30;  1 drivers
v0x13a7690c0_0 .net "salida_mux_2", 3 0, L_0x13a7740b0;  1 drivers
L_0x13a772440 .part v0x13a772020_0, 0, 1;
L_0x13a772520 .part v0x13a772020_0, 0, 1;
L_0x13a7726b0 .part v0x13a772020_0, 1, 1;
L_0x13a772880 .part v0x13a772020_0, 2, 1;
L_0x13a772a50 .part v0x13a772020_0, 0, 1;
L_0x13a772bd0 .part v0x13a772020_0, 1, 1;
L_0x13a772e30 .part v0x13a772020_0, 2, 1;
L_0x13a773040 .part v0x13a772020_0, 2, 1;
L_0x13a7731d0 .part v0x13a772020_0, 1, 1;
L_0x13a773420 .part v0x13a772020_0, 0, 1;
S_0x13a7656d0 .scope module, "complemento" "compl1" 5 24, 6 4 0, S_0x13a765490;
 .timescale -9 -11;
    .port_info 0 /OUTPUT 4 "Out";
    .port_info 1 /INPUT 4 "Inp";
    .port_info 2 /INPUT 1 "cp1";
L_0x13a774750 .functor XOR 1, L_0x13a7747e0, L_0x13a7734c0, C4<0>, C4<0>;
L_0x13a774940 .functor XOR 1, L_0x13a774a50, L_0x13a7734c0, C4<0>, C4<0>;
L_0x13a774af0 .functor XOR 1, L_0x13a774ba0, L_0x13a7734c0, C4<0>, C4<0>;
L_0x13a774e10 .functor XOR 1, L_0x13a774ec0, L_0x13a7734c0, C4<0>, C4<0>;
v0x13a7658e0_0 .net "Inp", 3 0, L_0x13a773b30;  alias, 1 drivers
v0x13a7659a0_0 .net "Out", 3 0, L_0x13a774c80;  alias, 1 drivers
v0x13a765a50_0 .net *"_ivl_0", 0 0, L_0x13a774750;  1 drivers
v0x13a765b10_0 .net *"_ivl_11", 0 0, L_0x13a774ba0;  1 drivers
v0x13a765bc0_0 .net *"_ivl_12", 0 0, L_0x13a774e10;  1 drivers
v0x13a765cb0_0 .net *"_ivl_16", 0 0, L_0x13a774ec0;  1 drivers
v0x13a765d60_0 .net *"_ivl_3", 0 0, L_0x13a7747e0;  1 drivers
v0x13a765e10_0 .net *"_ivl_4", 0 0, L_0x13a774940;  1 drivers
v0x13a765ec0_0 .net *"_ivl_7", 0 0, L_0x13a774a50;  1 drivers
v0x13a765fd0_0 .net *"_ivl_8", 0 0, L_0x13a774af0;  1 drivers
v0x13a766080_0 .net "cp1", 0 0, L_0x13a7734c0;  alias, 1 drivers
L_0x13a7747e0 .part L_0x13a773b30, 0, 1;
L_0x13a774a50 .part L_0x13a773b30, 1, 1;
L_0x13a774ba0 .part L_0x13a773b30, 2, 1;
L_0x13a774c80 .concat8 [ 1 1 1 1], L_0x13a774750, L_0x13a774940, L_0x13a774af0, L_0x13a774e10;
L_0x13a774ec0 .part L_0x13a773b30, 3, 1;
S_0x13a766170 .scope module, "mux_final" "mux2_4" 5 22, 4 3 0, S_0x13a765490;
 .timescale -9 -11;
    .port_info 0 /OUTPUT 4 "Out";
    .port_info 1 /INPUT 4 "A";
    .port_info 2 /INPUT 4 "B";
    .port_info 3 /INPUT 1 "s";
L_0x13a774160 .functor NOT 1, L_0x13a772920, C4<0>, C4<0>, C4<0>;
L_0x13a7741d0 .functor AND 4, L_0x13a7740b0, L_0x13a774300, C4<1111>, C4<1111>;
L_0x13a7744a0 .functor AND 4, v0x13a771e70_0, L_0x13a774510, C4<1111>, C4<1111>;
L_0x13a7746a0 .functor OR 4, L_0x13a7741d0, L_0x13a7744a0, C4<0000>, C4<0000>;
v0x13a766390_0 .net "A", 3 0, L_0x13a7740b0;  alias, 1 drivers
v0x13a766420_0 .net "B", 3 0, v0x13a771e70_0;  alias, 1 drivers
v0x13a7664c0_0 .net "Out", 3 0, L_0x13a7746a0;  alias, 1 drivers
v0x13a766580_0 .net *"_ivl_0", 3 0, L_0x13a774300;  1 drivers
v0x13a766630_0 .net *"_ivl_2", 3 0, L_0x13a774510;  1 drivers
v0x13a766720_0 .net "s", 0 0, L_0x13a772920;  alias, 1 drivers
v0x13a7667c0_0 .net "sa", 3 0, L_0x13a7741d0;  1 drivers
v0x13a766870_0 .net "sb", 3 0, L_0x13a7744a0;  1 drivers
v0x13a766920_0 .net "sn", 0 0, L_0x13a774160;  1 drivers
L_0x13a774300 .concat [ 1 1 1 1], L_0x13a774160, L_0x13a774160, L_0x13a774160, L_0x13a774160;
L_0x13a774510 .concat [ 1 1 1 1], L_0x13a772920, L_0x13a772920, L_0x13a772920, L_0x13a772920;
S_0x13a766a80 .scope module, "mux_inicial" "mux2_4" 5 20, 4 3 0, S_0x13a765490;
 .timescale -9 -11;
    .port_info 0 /OUTPUT 4 "Out";
    .port_info 1 /INPUT 4 "A";
    .port_info 2 /INPUT 4 "B";
    .port_info 3 /INPUT 1 "s";
L_0x13a773630 .functor NOT 1, L_0x13a772f10, C4<0>, C4<0>, C4<0>;
L_0x13a7736a0 .functor AND 4, v0x13a771e70_0, L_0x13a773710, C4<1111>, C4<1111>;
L_0x13a7738e0 .functor AND 4, v0x13a771f90_0, L_0x13a7739d0, C4<1111>, C4<1111>;
L_0x13a773b30 .functor OR 4, L_0x13a7736a0, L_0x13a7738e0, C4<0000>, C4<0000>;
v0x13a766ca0_0 .net "A", 3 0, v0x13a771e70_0;  alias, 1 drivers
v0x13a766d50_0 .net "B", 3 0, v0x13a771f90_0;  alias, 1 drivers
v0x13a766de0_0 .net "Out", 3 0, L_0x13a773b30;  alias, 1 drivers
v0x13a766eb0_0 .net *"_ivl_0", 3 0, L_0x13a773710;  1 drivers
v0x13a766f50_0 .net *"_ivl_2", 3 0, L_0x13a7739d0;  1 drivers
v0x13a767040_0 .net "s", 0 0, L_0x13a772f10;  alias, 1 drivers
v0x13a7670e0_0 .net "sa", 3 0, L_0x13a7736a0;  1 drivers
v0x13a767190_0 .net "sb", 3 0, L_0x13a7738e0;  1 drivers
v0x13a767240_0 .net "sn", 0 0, L_0x13a773630;  1 drivers
L_0x13a773710 .concat [ 1 1 1 1], L_0x13a773630, L_0x13a773630, L_0x13a773630, L_0x13a773630;
L_0x13a7739d0 .concat [ 1 1 1 1], L_0x13a772f10, L_0x13a772f10, L_0x13a772f10, L_0x13a772f10;
S_0x13a7673a0 .scope module, "mux_segundo" "mux2_4" 5 21, 4 3 0, S_0x13a765490;
 .timescale -9 -11;
    .port_info 0 /OUTPUT 4 "Out";
    .port_info 1 /INPUT 4 "A";
    .port_info 2 /INPUT 4 "B";
    .port_info 3 /INPUT 1 "s";
L_0x13a773be0 .functor NOT 1, L_0x13a772440, C4<0>, C4<0>, C4<0>;
L_0x13a773c50 .functor AND 4, L_0x140078010, L_0x13a773ce0, C4<1111>, C4<1111>;
L_0x13a773eb0 .functor AND 4, L_0x140078058, L_0x13a773f20, C4<1111>, C4<1111>;
L_0x13a7740b0 .functor OR 4, L_0x13a773c50, L_0x13a773eb0, C4<0000>, C4<0000>;
v0x13a7675c0_0 .net "A", 3 0, L_0x140078010;  alias, 1 drivers
v0x13a767650_0 .net "B", 3 0, L_0x140078058;  alias, 1 drivers
v0x13a7676f0_0 .net "Out", 3 0, L_0x13a7740b0;  alias, 1 drivers
v0x13a7677c0_0 .net *"_ivl_0", 3 0, L_0x13a773ce0;  1 drivers
v0x13a767860_0 .net *"_ivl_2", 3 0, L_0x13a773f20;  1 drivers
v0x13a767950_0 .net "s", 0 0, L_0x13a772440;  alias, 1 drivers
v0x13a7679f0_0 .net "sa", 3 0, L_0x13a773c50;  1 drivers
v0x13a767aa0_0 .net "sb", 3 0, L_0x13a773eb0;  1 drivers
v0x13a767b50_0 .net "sn", 0 0, L_0x13a773be0;  1 drivers
L_0x13a773ce0 .concat [ 1 1 1 1], L_0x13a773be0, L_0x13a773be0, L_0x13a773be0, L_0x13a773be0;
L_0x13a773f20 .concat [ 1 1 1 1], L_0x13a772440, L_0x13a772440, L_0x13a772440, L_0x13a772440;
S_0x13a7691d0 .scope module, "sumador" "sum4" 3 10, 7 3 0, S_0x13a764850;
 .timescale -9 -11;
    .port_info 0 /OUTPUT 4 "S";
    .port_info 1 /OUTPUT 1 "c_out";
    .port_info 2 /INPUT 4 "A";
    .port_info 3 /INPUT 4 "B";
    .port_info 4 /INPUT 1 "c_in";
v0x13a76c3d0_0 .net "A", 3 0, L_0x13a7746a0;  alias, 1 drivers
v0x13a76c4c0_0 .net "B", 3 0, L_0x13a774c80;  alias, 1 drivers
v0x13a76c590_0 .net "S", 3 0, L_0x13a777480;  alias, 1 drivers
v0x13a76c620_0 .net "c1", 0 0, L_0x13a774fd0;  1 drivers
v0x13a76c6f0_0 .net "c2", 0 0, L_0x13a7759e0;  1 drivers
v0x13a76c800_0 .net "c3", 0 0, L_0x13a7762c0;  1 drivers
v0x13a76c8d0_0 .net "c_in", 0 0, v0x13a772290_0;  alias, 1 drivers
v0x13a76c960_0 .net "c_out", 0 0, L_0x13a776da0;  alias, 1 drivers
L_0x13a775820 .part L_0x13a7746a0, 0, 1;
L_0x13a775900 .part L_0x13a774c80, 0, 1;
L_0x13a776100 .part L_0x13a7746a0, 1, 1;
L_0x13a7761e0 .part L_0x13a774c80, 1, 1;
L_0x13a776a20 .part L_0x13a7746a0, 2, 1;
L_0x13a776c00 .part L_0x13a774c80, 2, 1;
L_0x13a777480 .concat8 [ 1 1 1 1], L_0x13a775070, L_0x13a775a80, L_0x13a776360, L_0x13a776e40;
L_0x13a777660 .part L_0x13a7746a0, 3, 1;
L_0x13a777740 .part L_0x13a774c80, 3, 1;
S_0x13a769410 .scope module, "fa1" "fa" 7 9, 8 3 0, S_0x13a7691d0;
 .timescale -9 -11;
    .port_info 0 /OUTPUT 1 "c_out";
    .port_info 1 /OUTPUT 1 "sum";
    .port_info 2 /INPUT 1 "a";
    .port_info 3 /INPUT 1 "b";
    .port_info 4 /INPUT 1 "c_in";
L_0x1400780e8 .functor BUFT 1, C4<0>, C4<0>, C4<0>, C4<0>;
v0x13a769680_0 .net *"_ivl_10", 0 0, L_0x1400780e8;  1 drivers
v0x13a769740_0 .net *"_ivl_11", 1 0, L_0x13a7753d0;  1 drivers
v0x13a7697f0_0 .net *"_ivl_13", 1 0, L_0x13a775540;  1 drivers
L_0x140078130 .functor BUFT 1, C4<0>, C4<0>, C4<0>, C4<0>;
v0x13a7698b0_0 .net *"_ivl_16", 0 0, L_0x140078130;  1 drivers
v0x13a769960_0 .net *"_ivl_17", 1 0, L_0x13a7756a0;  1 drivers
v0x13a769a50_0 .net *"_ivl_3", 1 0, L_0x13a775150;  1 drivers
L_0x1400780a0 .functor BUFT 1, C4<0>, C4<0>, C4<0>, C4<0>;
v0x13a769b00_0 .net *"_ivl_6", 0 0, L_0x1400780a0;  1 drivers
v0x13a769bb0_0 .net *"_ivl_7", 1 0, L_0x13a775270;  1 drivers
v0x13a769c60_0 .net "a", 0 0, L_0x13a775820;  1 drivers
v0x13a769d70_0 .net "b", 0 0, L_0x13a775900;  1 drivers
v0x13a769e00_0 .net "c_in", 0 0, v0x13a772290_0;  alias, 1 drivers
v0x13a769ea0_0 .net "c_out", 0 0, L_0x13a774fd0;  alias, 1 drivers
v0x13a769f40_0 .net "sum", 0 0, L_0x13a775070;  1 drivers
L_0x13a774fd0 .part L_0x13a7756a0, 1, 1;
L_0x13a775070 .part L_0x13a7756a0, 0, 1;
L_0x13a775150 .concat [ 1 1 0 0], L_0x13a775820, L_0x1400780a0;
L_0x13a775270 .concat [ 1 1 0 0], L_0x13a775900, L_0x1400780e8;
L_0x13a7753d0 .arith/sum 2, L_0x13a775150, L_0x13a775270;
L_0x13a775540 .concat [ 1 1 0 0], v0x13a772290_0, L_0x140078130;
L_0x13a7756a0 .arith/sum 2, L_0x13a7753d0, L_0x13a775540;
S_0x13a76a060 .scope module, "fa2" "fa" 7 10, 8 3 0, S_0x13a7691d0;
 .timescale -9 -11;
    .port_info 0 /OUTPUT 1 "c_out";
    .port_info 1 /OUTPUT 1 "sum";
    .port_info 2 /INPUT 1 "a";
    .port_info 3 /INPUT 1 "b";
    .port_info 4 /INPUT 1 "c_in";
L_0x1400781c0 .functor BUFT 1, C4<0>, C4<0>, C4<0>, C4<0>;
v0x13a76a2a0_0 .net *"_ivl_10", 0 0, L_0x1400781c0;  1 drivers
v0x13a76a330_0 .net *"_ivl_11", 1 0, L_0x13a775d20;  1 drivers
v0x13a76a3d0_0 .net *"_ivl_13", 1 0, L_0x13a775e60;  1 drivers
L_0x140078208 .functor BUFT 1, C4<0>, C4<0>, C4<0>, C4<0>;
v0x13a76a490_0 .net *"_ivl_16", 0 0, L_0x140078208;  1 drivers
v0x13a76a540_0 .net *"_ivl_17", 1 0, L_0x13a775f80;  1 drivers
v0x13a76a630_0 .net *"_ivl_3", 1 0, L_0x13a775b60;  1 drivers
L_0x140078178 .functor BUFT 1, C4<0>, C4<0>, C4<0>, C4<0>;
v0x13a76a6e0_0 .net *"_ivl_6", 0 0, L_0x140078178;  1 drivers
v0x13a76a790_0 .net *"_ivl_7", 1 0, L_0x13a775c40;  1 drivers
v0x13a76a840_0 .net "a", 0 0, L_0x13a776100;  1 drivers
v0x13a76a950_0 .net "b", 0 0, L_0x13a7761e0;  1 drivers
v0x13a76a9e0_0 .net "c_in", 0 0, L_0x13a774fd0;  alias, 1 drivers
v0x13a76aa90_0 .net "c_out", 0 0, L_0x13a7759e0;  alias, 1 drivers
v0x13a76ab20_0 .net "sum", 0 0, L_0x13a775a80;  1 drivers
L_0x13a7759e0 .part L_0x13a775f80, 1, 1;
L_0x13a775a80 .part L_0x13a775f80, 0, 1;
L_0x13a775b60 .concat [ 1 1 0 0], L_0x13a776100, L_0x140078178;
L_0x13a775c40 .concat [ 1 1 0 0], L_0x13a7761e0, L_0x1400781c0;
L_0x13a775d20 .arith/sum 2, L_0x13a775b60, L_0x13a775c40;
L_0x13a775e60 .concat [ 1 1 0 0], L_0x13a774fd0, L_0x140078208;
L_0x13a775f80 .arith/sum 2, L_0x13a775d20, L_0x13a775e60;
S_0x13a76ac00 .scope module, "fa3" "fa" 7 11, 8 3 0, S_0x13a7691d0;
 .timescale -9 -11;
    .port_info 0 /OUTPUT 1 "c_out";
    .port_info 1 /OUTPUT 1 "sum";
    .port_info 2 /INPUT 1 "a";
    .port_info 3 /INPUT 1 "b";
    .port_info 4 /INPUT 1 "c_in";
L_0x140078298 .functor BUFT 1, C4<0>, C4<0>, C4<0>, C4<0>;
v0x13a76ae60_0 .net *"_ivl_10", 0 0, L_0x140078298;  1 drivers
v0x13a76af10_0 .net *"_ivl_11", 1 0, L_0x13a776680;  1 drivers
v0x13a76afc0_0 .net *"_ivl_13", 1 0, L_0x13a776780;  1 drivers
L_0x1400782e0 .functor BUFT 1, C4<0>, C4<0>, C4<0>, C4<0>;
v0x13a76b080_0 .net *"_ivl_16", 0 0, L_0x1400782e0;  1 drivers
v0x13a76b130_0 .net *"_ivl_17", 1 0, L_0x13a7768a0;  1 drivers
v0x13a76b220_0 .net *"_ivl_3", 1 0, L_0x13a776440;  1 drivers
L_0x140078250 .functor BUFT 1, C4<0>, C4<0>, C4<0>, C4<0>;
v0x13a76b2d0_0 .net *"_ivl_6", 0 0, L_0x140078250;  1 drivers
v0x13a76b380_0 .net *"_ivl_7", 1 0, L_0x13a7765a0;  1 drivers
v0x13a76b430_0 .net "a", 0 0, L_0x13a776a20;  1 drivers
v0x13a76b540_0 .net "b", 0 0, L_0x13a776c00;  1 drivers
v0x13a76b5d0_0 .net "c_in", 0 0, L_0x13a7759e0;  alias, 1 drivers
v0x13a76b680_0 .net "c_out", 0 0, L_0x13a7762c0;  alias, 1 drivers
v0x13a76b710_0 .net "sum", 0 0, L_0x13a776360;  1 drivers
L_0x13a7762c0 .part L_0x13a7768a0, 1, 1;
L_0x13a776360 .part L_0x13a7768a0, 0, 1;
L_0x13a776440 .concat [ 1 1 0 0], L_0x13a776a20, L_0x140078250;
L_0x13a7765a0 .concat [ 1 1 0 0], L_0x13a776c00, L_0x140078298;
L_0x13a776680 .arith/sum 2, L_0x13a776440, L_0x13a7765a0;
L_0x13a776780 .concat [ 1 1 0 0], L_0x13a7759e0, L_0x1400782e0;
L_0x13a7768a0 .arith/sum 2, L_0x13a776680, L_0x13a776780;
S_0x13a76b7f0 .scope module, "fa4" "fa" 7 12, 8 3 0, S_0x13a7691d0;
 .timescale -9 -11;
    .port_info 0 /OUTPUT 1 "c_out";
    .port_info 1 /OUTPUT 1 "sum";
    .port_info 2 /INPUT 1 "a";
    .port_info 3 /INPUT 1 "b";
    .port_info 4 /INPUT 1 "c_in";
L_0x140078370 .functor BUFT 1, C4<0>, C4<0>, C4<0>, C4<0>;
v0x13a76ba30_0 .net *"_ivl_10", 0 0, L_0x140078370;  1 drivers
v0x13a76baf0_0 .net *"_ivl_11", 1 0, L_0x13a7770a0;  1 drivers
v0x13a76bba0_0 .net *"_ivl_13", 1 0, L_0x13a7771e0;  1 drivers
L_0x1400783b8 .functor BUFT 1, C4<0>, C4<0>, C4<0>, C4<0>;
v0x13a76bc60_0 .net *"_ivl_16", 0 0, L_0x1400783b8;  1 drivers
v0x13a76bd10_0 .net *"_ivl_17", 1 0, L_0x13a777300;  1 drivers
v0x13a76be00_0 .net *"_ivl_3", 1 0, L_0x13a776ee0;  1 drivers
L_0x140078328 .functor BUFT 1, C4<0>, C4<0>, C4<0>, C4<0>;
v0x13a76beb0_0 .net *"_ivl_6", 0 0, L_0x140078328;  1 drivers
v0x13a76bf60_0 .net *"_ivl_7", 1 0, L_0x13a776f80;  1 drivers
v0x13a76c010_0 .net "a", 0 0, L_0x13a777660;  1 drivers
v0x13a76c120_0 .net "b", 0 0, L_0x13a777740;  1 drivers
v0x13a76c1b0_0 .net "c_in", 0 0, L_0x13a7762c0;  alias, 1 drivers
v0x13a76c260_0 .net "c_out", 0 0, L_0x13a776da0;  alias, 1 drivers
v0x13a76c2f0_0 .net "sum", 0 0, L_0x13a776e40;  1 drivers
L_0x13a776da0 .part L_0x13a777300, 1, 1;
L_0x13a776e40 .part L_0x13a777300, 0, 1;
L_0x13a776ee0 .concat [ 1 1 0 0], L_0x13a777660, L_0x140078328;
L_0x13a776f80 .concat [ 1 1 0 0], L_0x13a777740, L_0x140078370;
L_0x13a7770a0 .arith/sum 2, L_0x13a776ee0, L_0x13a776f80;
L_0x13a7771e0 .concat [ 1 1 0 0], L_0x13a7762c0, L_0x1400783b8;
L_0x13a777300 .arith/sum 2, L_0x13a7770a0, L_0x13a7771e0;
S_0x13a76ca20 .scope module, "unidad_logica" "ul4" 3 11, 9 3 0, S_0x13a764850;
 .timescale -9 -11;
    .port_info 0 /OUTPUT 4 "Out";
    .port_info 1 /INPUT 4 "A";
    .port_info 2 /INPUT 4 "B";
    .port_info 3 /INPUT 2 "S";
v0x13a770990_0 .net "A", 3 0, L_0x13a7746a0;  alias, 1 drivers
v0x13a770a20_0 .net "B", 3 0, L_0x13a774c80;  alias, 1 drivers
v0x13a770ac0_0 .net "Out", 3 0, L_0x13a778ab0;  alias, 1 drivers
v0x13a770b70_0 .net "S", 1 0, L_0x13a778e60;  1 drivers
L_0x13a777bb0 .part L_0x13a7746a0, 0, 1;
L_0x13a777c50 .part L_0x13a774c80, 0, 1;
L_0x13a7780b0 .part L_0x13a7746a0, 1, 1;
L_0x13a778150 .part L_0x13a774c80, 1, 1;
L_0x13a7785b0 .part L_0x13a7746a0, 2, 1;
L_0x13a778650 .part L_0x13a774c80, 2, 1;
L_0x13a778ab0 .concat8 [ 1 1 1 1], v0x13a76d4e0_0, v0x13a76e440_0, v0x13a76f3c0_0, v0x13a7702f0_0;
L_0x13a778c50 .part L_0x13a7746a0, 3, 1;
L_0x13a778cf0 .part L_0x13a774c80, 3, 1;
S_0x13a76cc40 .scope module, "c1" "celda1" 9 6, 10 4 0, S_0x13a76ca20;
 .timescale -9 -11;
    .port_info 0 /OUTPUT 1 "out";
    .port_info 1 /INPUT 1 "a";
    .port_info 2 /INPUT 1 "b";
    .port_info 3 /INPUT 2 "S";
L_0x13a777870 .functor AND 1, L_0x13a777bb0, L_0x13a777c50, C4<1>, C4<1>;
L_0x13a7778e0 .functor OR 1, L_0x13a777bb0, L_0x13a777c50, C4<0>, C4<0>;
L_0x13a7779d0 .functor XOR 1, L_0x13a777bb0, L_0x13a777c50, C4<0>, C4<0>;
L_0x13a777a80 .functor NOT 1, L_0x13a777bb0, C4<0>, C4<0>, C4<0>;
v0x13a76d610_0 .net "S", 1 0, L_0x13a778e60;  alias, 1 drivers
v0x13a76d6c0_0 .net "a", 0 0, L_0x13a777bb0;  1 drivers
v0x13a76d750_0 .net "b", 0 0, L_0x13a777c50;  1 drivers
v0x13a76d7e0_0 .net "out", 0 0, v0x13a76d4e0_0;  1 drivers
v0x13a76d890_0 .net "s1", 0 0, L_0x13a777870;  1 drivers
v0x13a76d960_0 .net "s2", 0 0, L_0x13a7778e0;  1 drivers
v0x13a76da10_0 .net "s3", 0 0, L_0x13a7779d0;  1 drivers
v0x13a76dac0_0 .net "s4", 0 0, L_0x13a777a80;  1 drivers
S_0x13a76ce80 .scope module, "mux" "mux4_1" 10 16, 11 3 0, S_0x13a76cc40;
 .timescale -9 -11;
    .port_info 0 /OUTPUT 1 "out";
    .port_info 1 /INPUT 1 "a";
    .port_info 2 /INPUT 1 "b";
    .port_info 3 /INPUT 1 "c";
    .port_info 4 /INPUT 1 "d";
    .port_info 5 /INPUT 2 "S";
v0x13a76d150_0 .net "S", 1 0, L_0x13a778e60;  alias, 1 drivers
v0x13a76d210_0 .net "a", 0 0, L_0x13a777870;  alias, 1 drivers
v0x13a76d2b0_0 .net "b", 0 0, L_0x13a7778e0;  alias, 1 drivers
v0x13a76d360_0 .net "c", 0 0, L_0x13a7779d0;  alias, 1 drivers
v0x13a76d400_0 .net "d", 0 0, L_0x13a777a80;  alias, 1 drivers
v0x13a76d4e0_0 .var "out", 0 0;
E_0x13a76d0d0/0 .event anyedge, v0x13a76d150_0, v0x13a76d400_0, v0x13a76d360_0, v0x13a76d2b0_0;
E_0x13a76d0d0/1 .event anyedge, v0x13a76d210_0;
E_0x13a76d0d0 .event/or E_0x13a76d0d0/0, E_0x13a76d0d0/1;
S_0x13a76db90 .scope module, "c2" "celda1" 9 7, 10 4 0, S_0x13a76ca20;
 .timescale -9 -11;
    .port_info 0 /OUTPUT 1 "out";
    .port_info 1 /INPUT 1 "a";
    .port_info 2 /INPUT 1 "b";
    .port_info 3 /INPUT 2 "S";
L_0x13a777d70 .functor AND 1, L_0x13a7780b0, L_0x13a778150, C4<1>, C4<1>;
L_0x13a777de0 .functor OR 1, L_0x13a7780b0, L_0x13a778150, C4<0>, C4<0>;
L_0x13a777ed0 .functor XOR 1, L_0x13a7780b0, L_0x13a778150, C4<0>, C4<0>;
L_0x13a777f80 .functor NOT 1, L_0x13a7780b0, C4<0>, C4<0>, C4<0>;
v0x13a76e570_0 .net "S", 1 0, L_0x13a778e60;  alias, 1 drivers
v0x13a76e600_0 .net "a", 0 0, L_0x13a7780b0;  1 drivers
v0x13a76e6a0_0 .net "b", 0 0, L_0x13a778150;  1 drivers
v0x13a76e730_0 .net "out", 0 0, v0x13a76e440_0;  1 drivers
v0x13a76e7e0_0 .net "s1", 0 0, L_0x13a777d70;  1 drivers
v0x13a76e8b0_0 .net "s2", 0 0, L_0x13a777de0;  1 drivers
v0x13a76e960_0 .net "s3", 0 0, L_0x13a777ed0;  1 drivers
v0x13a76ea10_0 .net "s4", 0 0, L_0x13a777f80;  1 drivers
S_0x13a76ddb0 .scope module, "mux" "mux4_1" 10 16, 11 3 0, S_0x13a76db90;
 .timescale -9 -11;
    .port_info 0 /OUTPUT 1 "out";
    .port_info 1 /INPUT 1 "a";
    .port_info 2 /INPUT 1 "b";
    .port_info 3 /INPUT 1 "c";
    .port_info 4 /INPUT 1 "d";
    .port_info 5 /INPUT 2 "S";
v0x13a76e0a0_0 .net "S", 1 0, L_0x13a778e60;  alias, 1 drivers
v0x13a76e190_0 .net "a", 0 0, L_0x13a777d70;  alias, 1 drivers
v0x13a76e230_0 .net "b", 0 0, L_0x13a777de0;  alias, 1 drivers
v0x13a76e2c0_0 .net "c", 0 0, L_0x13a777ed0;  alias, 1 drivers
v0x13a76e360_0 .net "d", 0 0, L_0x13a777f80;  alias, 1 drivers
v0x13a76e440_0 .var "out", 0 0;
E_0x13a76e030/0 .event anyedge, v0x13a76d150_0, v0x13a76e360_0, v0x13a76e2c0_0, v0x13a76e230_0;
E_0x13a76e030/1 .event anyedge, v0x13a76e190_0;
E_0x13a76e030 .event/or E_0x13a76e030/0, E_0x13a76e030/1;
S_0x13a76eae0 .scope module, "c3" "celda1" 9 8, 10 4 0, S_0x13a76ca20;
 .timescale -9 -11;
    .port_info 0 /OUTPUT 1 "out";
    .port_info 1 /INPUT 1 "a";
    .port_info 2 /INPUT 1 "b";
    .port_info 3 /INPUT 2 "S";
L_0x13a778270 .functor AND 1, L_0x13a7785b0, L_0x13a778650, C4<1>, C4<1>;
L_0x13a7782e0 .functor OR 1, L_0x13a7785b0, L_0x13a778650, C4<0>, C4<0>;
L_0x13a7783d0 .functor XOR 1, L_0x13a7785b0, L_0x13a778650, C4<0>, C4<0>;
L_0x13a778480 .functor NOT 1, L_0x13a7785b0, C4<0>, C4<0>, C4<0>;
v0x13a76f4f0_0 .net "S", 1 0, L_0x13a778e60;  alias, 1 drivers
v0x13a76f580_0 .net "a", 0 0, L_0x13a7785b0;  1 drivers
v0x13a76f620_0 .net "b", 0 0, L_0x13a778650;  1 drivers
v0x13a76f6b0_0 .net "out", 0 0, v0x13a76f3c0_0;  1 drivers
v0x13a76f760_0 .net "s1", 0 0, L_0x13a778270;  1 drivers
v0x13a76f830_0 .net "s2", 0 0, L_0x13a7782e0;  1 drivers
v0x13a76f8e0_0 .net "s3", 0 0, L_0x13a7783d0;  1 drivers
v0x13a76f990_0 .net "s4", 0 0, L_0x13a778480;  1 drivers
S_0x13a76ed20 .scope module, "mux" "mux4_1" 10 16, 11 3 0, S_0x13a76eae0;
 .timescale -9 -11;
    .port_info 0 /OUTPUT 1 "out";
    .port_info 1 /INPUT 1 "a";
    .port_info 2 /INPUT 1 "b";
    .port_info 3 /INPUT 1 "c";
    .port_info 4 /INPUT 1 "d";
    .port_info 5 /INPUT 2 "S";
v0x13a76f010_0 .net "S", 1 0, L_0x13a778e60;  alias, 1 drivers
v0x13a76f130_0 .net "a", 0 0, L_0x13a778270;  alias, 1 drivers
v0x13a76f1d0_0 .net "b", 0 0, L_0x13a7782e0;  alias, 1 drivers
v0x13a76f260_0 .net "c", 0 0, L_0x13a7783d0;  alias, 1 drivers
v0x13a76f2f0_0 .net "d", 0 0, L_0x13a778480;  alias, 1 drivers
v0x13a76f3c0_0 .var "out", 0 0;
E_0x13a76efa0/0 .event anyedge, v0x13a76d150_0, v0x13a76f2f0_0, v0x13a76f260_0, v0x13a76f1d0_0;
E_0x13a76efa0/1 .event anyedge, v0x13a76f130_0;
E_0x13a76efa0 .event/or E_0x13a76efa0/0, E_0x13a76efa0/1;
S_0x13a76fa60 .scope module, "c4" "celda1" 9 9, 10 4 0, S_0x13a76ca20;
 .timescale -9 -11;
    .port_info 0 /OUTPUT 1 "out";
    .port_info 1 /INPUT 1 "a";
    .port_info 2 /INPUT 1 "b";
    .port_info 3 /INPUT 2 "S";
L_0x13a778770 .functor AND 1, L_0x13a778c50, L_0x13a778cf0, C4<1>, C4<1>;
L_0x13a7787e0 .functor OR 1, L_0x13a778c50, L_0x13a778cf0, C4<0>, C4<0>;
L_0x13a7788d0 .functor XOR 1, L_0x13a778c50, L_0x13a778cf0, C4<0>, C4<0>;
L_0x13a778980 .functor NOT 1, L_0x13a778c50, C4<0>, C4<0>, C4<0>;
v0x13a770420_0 .net "S", 1 0, L_0x13a778e60;  alias, 1 drivers
v0x13a7704b0_0 .net "a", 0 0, L_0x13a778c50;  1 drivers
v0x13a770550_0 .net "b", 0 0, L_0x13a778cf0;  1 drivers
v0x13a7705e0_0 .net "out", 0 0, v0x13a7702f0_0;  1 drivers
v0x13a770690_0 .net "s1", 0 0, L_0x13a778770;  1 drivers
v0x13a770760_0 .net "s2", 0 0, L_0x13a7787e0;  1 drivers
v0x13a770810_0 .net "s3", 0 0, L_0x13a7788d0;  1 drivers
v0x13a7708c0_0 .net "s4", 0 0, L_0x13a778980;  1 drivers
S_0x13a76fc80 .scope module, "mux" "mux4_1" 10 16, 11 3 0, S_0x13a76fa60;
 .timescale -9 -11;
    .port_info 0 /OUTPUT 1 "out";
    .port_info 1 /INPUT 1 "a";
    .port_info 2 /INPUT 1 "b";
    .port_info 3 /INPUT 1 "c";
    .port_info 4 /INPUT 1 "d";
    .port_info 5 /INPUT 2 "S";
v0x13a76ff70_0 .net "S", 1 0, L_0x13a778e60;  alias, 1 drivers
v0x13a770020_0 .net "a", 0 0, L_0x13a778770;  alias, 1 drivers
v0x13a7700c0_0 .net "b", 0 0, L_0x13a7787e0;  alias, 1 drivers
v0x13a770170_0 .net "c", 0 0, L_0x13a7788d0;  alias, 1 drivers
v0x13a770210_0 .net "d", 0 0, L_0x13a778980;  alias, 1 drivers
v0x13a7702f0_0 .var "out", 0 0;
E_0x13a76ff00/0 .event anyedge, v0x13a76d150_0, v0x13a770210_0, v0x13a770170_0, v0x13a7700c0_0;
E_0x13a76ff00/1 .event anyedge, v0x13a770020_0;
E_0x13a76ff00 .event/or E_0x13a76ff00/0, E_0x13a76ff00/1;
    .scope S_0x13a76ce80;
T_1 ;
    %wait E_0x13a76d0d0;
    %load/vec4 v0x13a76d150_0;
    %dup/vec4;
    %pushi/vec4 0, 0, 2;
    %cmp/u;
    %jmp/1 T_1.0, 6;
    %dup/vec4;
    %pushi/vec4 1, 0, 2;
    %cmp/u;
    %jmp/1 T_1.1, 6;
    %dup/vec4;
    %pushi/vec4 2, 0, 2;
    %cmp/u;
    %jmp/1 T_1.2, 6;
    %dup/vec4;
    %pushi/vec4 3, 0, 2;
    %cmp/u;
    %jmp/1 T_1.3, 6;
    %pushi/vec4 1, 1, 1;
    %store/vec4 v0x13a76d4e0_0, 0, 1;
    %jmp T_1.5;
T_1.0 ;
    %load/vec4 v0x13a76d210_0;
    %store/vec4 v0x13a76d4e0_0, 0, 1;
    %jmp T_1.5;
T_1.1 ;
    %load/vec4 v0x13a76d2b0_0;
    %store/vec4 v0x13a76d4e0_0, 0, 1;
    %jmp T_1.5;
T_1.2 ;
    %load/vec4 v0x13a76d360_0;
    %store/vec4 v0x13a76d4e0_0, 0, 1;
    %jmp T_1.5;
T_1.3 ;
    %load/vec4 v0x13a76d400_0;
    %store/vec4 v0x13a76d4e0_0, 0, 1;
    %jmp T_1.5;
T_1.5 ;
    %pop/vec4 1;
    %jmp T_1;
    .thread T_1, $push;
    .scope S_0x13a76ddb0;
T_2 ;
    %wait E_0x13a76e030;
    %load/vec4 v0x13a76e0a0_0;
    %dup/vec4;
    %pushi/vec4 0, 0, 2;
    %cmp/u;
    %jmp/1 T_2.0, 6;
    %dup/vec4;
    %pushi/vec4 1, 0, 2;
    %cmp/u;
    %jmp/1 T_2.1, 6;
    %dup/vec4;
    %pushi/vec4 2, 0, 2;
    %cmp/u;
    %jmp/1 T_2.2, 6;
    %dup/vec4;
    %pushi/vec4 3, 0, 2;
    %cmp/u;
    %jmp/1 T_2.3, 6;
    %pushi/vec4 1, 1, 1;
    %store/vec4 v0x13a76e440_0, 0, 1;
    %jmp T_2.5;
T_2.0 ;
    %load/vec4 v0x13a76e190_0;
    %store/vec4 v0x13a76e440_0, 0, 1;
    %jmp T_2.5;
T_2.1 ;
    %load/vec4 v0x13a76e230_0;
    %store/vec4 v0x13a76e440_0, 0, 1;
    %jmp T_2.5;
T_2.2 ;
    %load/vec4 v0x13a76e2c0_0;
    %store/vec4 v0x13a76e440_0, 0, 1;
    %jmp T_2.5;
T_2.3 ;
    %load/vec4 v0x13a76e360_0;
    %store/vec4 v0x13a76e440_0, 0, 1;
    %jmp T_2.5;
T_2.5 ;
    %pop/vec4 1;
    %jmp T_2;
    .thread T_2, $push;
    .scope S_0x13a76ed20;
T_3 ;
    %wait E_0x13a76efa0;
    %load/vec4 v0x13a76f010_0;
    %dup/vec4;
    %pushi/vec4 0, 0, 2;
    %cmp/u;
    %jmp/1 T_3.0, 6;
    %dup/vec4;
    %pushi/vec4 1, 0, 2;
    %cmp/u;
    %jmp/1 T_3.1, 6;
    %dup/vec4;
    %pushi/vec4 2, 0, 2;
    %cmp/u;
    %jmp/1 T_3.2, 6;
    %dup/vec4;
    %pushi/vec4 3, 0, 2;
    %cmp/u;
    %jmp/1 T_3.3, 6;
    %pushi/vec4 1, 1, 1;
    %store/vec4 v0x13a76f3c0_0, 0, 1;
    %jmp T_3.5;
T_3.0 ;
    %load/vec4 v0x13a76f130_0;
    %store/vec4 v0x13a76f3c0_0, 0, 1;
    %jmp T_3.5;
T_3.1 ;
    %load/vec4 v0x13a76f1d0_0;
    %store/vec4 v0x13a76f3c0_0, 0, 1;
    %jmp T_3.5;
T_3.2 ;
    %load/vec4 v0x13a76f260_0;
    %store/vec4 v0x13a76f3c0_0, 0, 1;
    %jmp T_3.5;
T_3.3 ;
    %load/vec4 v0x13a76f2f0_0;
    %store/vec4 v0x13a76f3c0_0, 0, 1;
    %jmp T_3.5;
T_3.5 ;
    %pop/vec4 1;
    %jmp T_3;
    .thread T_3, $push;
    .scope S_0x13a76fc80;
T_4 ;
    %wait E_0x13a76ff00;
    %load/vec4 v0x13a76ff70_0;
    %dup/vec4;
    %pushi/vec4 0, 0, 2;
    %cmp/u;
    %jmp/1 T_4.0, 6;
    %dup/vec4;
    %pushi/vec4 1, 0, 2;
    %cmp/u;
    %jmp/1 T_4.1, 6;
    %dup/vec4;
    %pushi/vec4 2, 0, 2;
    %cmp/u;
    %jmp/1 T_4.2, 6;
    %dup/vec4;
    %pushi/vec4 3, 0, 2;
    %cmp/u;
    %jmp/1 T_4.3, 6;
    %pushi/vec4 1, 1, 1;
    %store/vec4 v0x13a7702f0_0, 0, 1;
    %jmp T_4.5;
T_4.0 ;
    %load/vec4 v0x13a770020_0;
    %store/vec4 v0x13a7702f0_0, 0, 1;
    %jmp T_4.5;
T_4.1 ;
    %load/vec4 v0x13a7700c0_0;
    %store/vec4 v0x13a7702f0_0, 0, 1;
    %jmp T_4.5;
T_4.2 ;
    %load/vec4 v0x13a770170_0;
    %store/vec4 v0x13a7702f0_0, 0, 1;
    %jmp T_4.5;
T_4.3 ;
    %load/vec4 v0x13a770210_0;
    %store/vec4 v0x13a7702f0_0, 0, 1;
    %jmp T_4.5;
T_4.5 ;
    %pop/vec4 1;
    %jmp T_4;
    .thread T_4, $push;
    .scope S_0x13a749c00;
T_5 ;
    %vpi_call 2 21 "$dumpfile", "alu.vcd" {0 0 0};
    %vpi_call 2 22 "$dumpvars" {0 0 0};
    %pushi/vec4 0, 0, 32;
    %store/vec4 v0x13a771dd0_0, 0, 32;
    %pushi/vec4 0, 0, 3;
    %store/vec4 v0x13a772020_0, 0, 3;
    %pushi/vec4 8, 0, 32;
T_5.0 %dup/vec4;
    %pushi/vec4 0, 0, 32;
    %cmp/s;
    %jmp/1xz T_5.1, 5;
    %jmp/1 T_5.1, 4;
    %pushi/vec4 1, 0, 32;
    %sub;
    %pushi/vec4 0, 0, 1;
    %store/vec4 v0x13a772290_0, 0, 1;
    %pushi/vec4 2, 0, 32;
T_5.2 %dup/vec4;
    %pushi/vec4 0, 0, 32;
    %cmp/s;
    %jmp/1xz T_5.3, 5;
    %jmp/1 T_5.3, 4;
    %pushi/vec4 1, 0, 32;
    %sub;
    %pushi/vec4 0, 0, 4;
    %store/vec4 v0x13a771e70_0, 0, 4;
    %pushi/vec4 16, 0, 32;
T_5.4 %dup/vec4;
    %pushi/vec4 0, 0, 32;
    %cmp/s;
    %jmp/1xz T_5.5, 5;
    %jmp/1 T_5.5, 4;
    %pushi/vec4 1, 0, 32;
    %sub;
    %pushi/vec4 0, 0, 4;
    %store/vec4 v0x13a771f90_0, 0, 4;
    %pushi/vec4 16, 0, 32;
T_5.6 %dup/vec4;
    %pushi/vec4 0, 0, 32;
    %cmp/s;
    %jmp/1xz T_5.7, 5;
    %jmp/1 T_5.7, 4;
    %pushi/vec4 1, 0, 32;
    %sub;
    %delay 1, 0;
    %fork TD_alu_tb.check, S_0x13a75a180;
    %join;
    %delay 999, 0;
    %load/vec4 v0x13a771f90_0;
    %addi 1, 0, 4;
    %store/vec4 v0x13a771f90_0, 0, 4;
    %jmp T_5.6;
T_5.7 ;
    %pop/vec4 1;
    %load/vec4 v0x13a771e70_0;
    %addi 1, 0, 4;
    %store/vec4 v0x13a771e70_0, 0, 4;
    %jmp T_5.4;
T_5.5 ;
    %pop/vec4 1;
    %load/vec4 v0x13a772290_0;
    %pad/u 2;
    %addi 1, 0, 2;
    %pad/u 1;
    %store/vec4 v0x13a772290_0, 0, 1;
    %jmp T_5.2;
T_5.3 ;
    %pop/vec4 1;
    %load/vec4 v0x13a772020_0;
    %addi 1, 0, 3;
    %store/vec4 v0x13a772020_0, 0, 3;
    %jmp T_5.0;
T_5.1 ;
    %pop/vec4 1;
    %vpi_call 2 48 "$display", "Encontradas %d operaciones erroneas", v0x13a771dd0_0 {0 0 0};
    %vpi_call 2 50 "$finish" {0 0 0};
    %end;
    .thread T_5;
# The file index is used to find the file name in the following table.
:file_names 12;
    "N/A";
    "<interactive>";
    "alu_tb.v";
    "alu.v";
    "mux2_4.v";
    "preprocesador.v";
    "complemento_1.v";
    "sumador_4.v";
    "full_adder.v";
    "unidadl_4.v";
    "celda1.v";
    "mux4_1.v";
